2020-06-11 23:20:06,429  INFO [main] WebEventListener:32 - Application Launched Successfully
2020-06-11 23:20:06,526  INFO [main] LoginPage:43 - Login Page Title Verified
2020-06-11 23:20:06,710  INFO [main] LoginPage:138 - Browser Terminated
2020-06-11 23:20:06,711  INFO [main] LoginPage:139 - -----------------------------------------------
2020-06-11 23:20:14,044  INFO [main] WebEventListener:32 - Application Launched Successfully
2020-06-11 23:20:14,236  INFO [main] LoginPage:138 - Browser Terminated
2020-06-11 23:20:14,237  INFO [main] LoginPage:139 - -----------------------------------------------
2020-06-11 23:20:20,170  INFO [main] WebEventListener:32 - Application Launched Successfully
2020-06-11 23:20:20,691  INFO [main] LoginPage:138 - Browser Terminated
2020-06-11 23:20:20,693  INFO [main] LoginPage:139 - -----------------------------------------------
2020-06-11 23:20:26,733  INFO [main] WebEventListener:32 - Application Launched Successfully
2020-06-11 23:20:26,831  INFO [main] LoginPage:53 - CRM Logo Verified
2020-06-11 23:20:27,006  INFO [main] LoginPage:138 - Browser Terminated
2020-06-11 23:20:27,006  INFO [main] LoginPage:139 - -----------------------------------------------
2020-06-11 23:20:33,053  INFO [main] WebEventListener:32 - Application Launched Successfully
2020-06-11 23:20:33,209  INFO [main] LoginPage:138 - Browser Terminated
2020-06-11 23:20:33,210  INFO [main] LoginPage:139 - -----------------------------------------------
2020-06-11 23:20:39,084  INFO [main] WebEventListener:32 - Application Launched Successfully
2020-06-11 23:20:39,581  INFO [main] LoginPage:138 - Browser Terminated
2020-06-11 23:20:39,582  INFO [main] LoginPage:139 - -----------------------------------------------
2020-06-11 23:20:45,738  INFO [main] WebEventListener:32 - Application Launched Successfully
2020-06-11 23:20:52,397  INFO [main] HomePage:62 - Successfully Logged into CRM Application
2020-06-11 23:20:52,565  INFO [main] HomePage:138 - Browser Terminated
2020-06-11 23:20:52,566  INFO [main] HomePage:139 - -----------------------------------------------
2020-06-11 23:20:58,580  INFO [main] WebEventListener:32 - Application Launched Successfully
2020-06-11 23:20:58,717  INFO [main] LoginPage:138 - Browser Terminated
2020-06-11 23:20:58,718  INFO [main] LoginPage:139 - -----------------------------------------------
2020-06-11 23:21:06,176  INFO [main] WebEventListener:32 - Application Launched Successfully
2020-06-11 23:21:06,723  INFO [main] LoginPage:138 - Browser Terminated
2020-06-11 23:21:06,724  INFO [main] LoginPage:139 - -----------------------------------------------
2020-06-11 23:21:06,766 DEBUG [main] cache:45 - Couldn't find template in cache for "Extent.ftl"("en_IN", UTF-8, parsed); will try to load it.
2020-06-11 23:21:06,768 DEBUG [main] cache:45 - TemplateLoader.findTemplateSource("Extent_en_IN.ftl"): Not found
2020-06-11 23:21:06,770 DEBUG [main] cache:45 - TemplateLoader.findTemplateSource("Extent_en.ftl"): Not found
2020-06-11 23:21:06,773 DEBUG [main] cache:45 - TemplateLoader.findTemplateSource("Extent.ftl"): Found
2020-06-11 23:21:06,774 DEBUG [main] cache:45 - Loading template for "Extent.ftl"("en_IN", UTF-8, parsed) from "jar:file:/Users/gautamraj/.m2/repository/com/relevantcodes/extentreports/2.41.2/extentreports-2.41.2.jar!/com/relevantcodes/extentreports/view/Extent.ftl"
2020-06-11 23:21:07,075 DEBUG [main] cache:45 - Couldn't find template in cache for "Extent.ftl"("en_IN", UTF-8, parsed); will try to load it.
2020-06-11 23:21:07,076 DEBUG [main] cache:45 - TemplateLoader.findTemplateSource("Extent_en_IN.ftl"): Not found
2020-06-11 23:21:07,077 DEBUG [main] cache:45 - TemplateLoader.findTemplateSource("Extent_en.ftl"): Not found
2020-06-11 23:21:07,080 DEBUG [main] cache:45 - TemplateLoader.findTemplateSource("Extent.ftl"): Found
2020-06-11 23:21:07,081 DEBUG [main] cache:45 - Loading template for "Extent.ftl"("en_IN", UTF-8, parsed) from "jar:file:/Users/gautamraj/.m2/repository/com/relevantcodes/extentreports/2.41.2/extentreports-2.41.2.jar!/com/relevantcodes/extentreports/view/Extent.ftl"
