2020-06-11 23:58:08,692  INFO [main] WebEventListener:30 - Application Launched Successfully
2020-06-11 23:58:19,714  INFO [main] WebEventListener:30 - Application Launched Successfully
2020-06-11 23:58:19,953  INFO [main] LoginPage:137 - Browser Terminated
2020-06-11 23:58:19,954  INFO [main] LoginPage:138 - -----------------------------------------------
2020-06-11 23:58:26,845  INFO [main] WebEventListener:30 - Application Launched Successfully
2020-06-11 23:58:26,992  INFO [main] LoginPage:137 - Browser Terminated
2020-06-11 23:58:26,993  INFO [main] LoginPage:138 - -----------------------------------------------
2020-06-11 23:58:33,896  INFO [main] WebEventListener:30 - Application Launched Successfully
2020-06-11 23:58:34,044  INFO [main] LoginPage:137 - Browser Terminated
2020-06-11 23:58:34,044  INFO [main] LoginPage:138 - -----------------------------------------------
2020-06-11 23:58:34,095 DEBUG [main] cache:45 - Couldn't find template in cache for "Extent.ftl"("en_IN", UTF-8, parsed); will try to load it.
2020-06-11 23:58:34,097 DEBUG [main] cache:45 - TemplateLoader.findTemplateSource("Extent_en_IN.ftl"): Not found
2020-06-11 23:58:34,101 DEBUG [main] cache:45 - TemplateLoader.findTemplateSource("Extent_en.ftl"): Not found
2020-06-11 23:58:34,107 DEBUG [main] cache:45 - TemplateLoader.findTemplateSource("Extent.ftl"): Found
2020-06-11 23:58:34,108 DEBUG [main] cache:45 - Loading template for "Extent.ftl"("en_IN", UTF-8, parsed) from "jar:file:/Users/gautamraj/.m2/repository/com/relevantcodes/extentreports/2.41.2/extentreports-2.41.2.jar!/com/relevantcodes/extentreports/view/Extent.ftl"
2020-06-11 23:58:34,722 DEBUG [main] cache:45 - Couldn't find template in cache for "Extent.ftl"("en_IN", UTF-8, parsed); will try to load it.
2020-06-11 23:58:34,723 DEBUG [main] cache:45 - TemplateLoader.findTemplateSource("Extent_en_IN.ftl"): Not found
2020-06-11 23:58:34,725 DEBUG [main] cache:45 - TemplateLoader.findTemplateSource("Extent_en.ftl"): Not found
2020-06-11 23:58:34,726 DEBUG [main] cache:45 - TemplateLoader.findTemplateSource("Extent.ftl"): Found
2020-06-11 23:58:34,726 DEBUG [main] cache:45 - Loading template for "Extent.ftl"("en_IN", UTF-8, parsed) from "jar:file:/Users/gautamraj/.m2/repository/com/relevantcodes/extentreports/2.41.2/extentreports-2.41.2.jar!/com/relevantcodes/extentreports/view/Extent.ftl"
